<?xml version="1.0" encoding="UTF-8"?>
<!-- Generated by org.testng.reporters.JUnitReportReporter -->
<testsuite hostname="WIN-GLF10487UOQ" failures="0" tests="1" name="webapp.PersonalShopper.git.UserRegisterTest" time="3.015" errors="0" timestamp="2021-10-10T00:44:03 PDT" skipped="0">
  <testcase classname="webapp.PersonalShopper.git.UserRegisterTest" name="insertRegForm" time="3.015"/>
  <system-out/>
</testsuite> <!-- webapp.PersonalShopper.git.UserRegisterTest -->
